GROUP,PACKAGE,CLASS,INSTRUCTION_MISSED,INSTRUCTION_COVERED,BRANCH_MISSED,BRANCH_COVERED,LINE_MISSED,LINE_COVERED,COMPLEXITY_MISSED,COMPLEXITY_COVERED,METHOD_MISSED,METHOD_COVERED
Password Hacker,hacker.app,Args,0,45,0,0,0,12,0,6,0,6
Password Hacker,hacker.app,App,82,0,4,0,26,0,3,0,1,0
Password Hacker,hacker.padlock,RotDial,0,15,0,0,0,4,0,3,0,3
Password Hacker,hacker.padlock,Password,3,25,0,0,2,9,1,5,1,5
Password Hacker,hacker.padlock,Password.new PeekableIterator() {...},8,70,1,5,2,19,1,7,0,5
Password Hacker,hacker.util,Util,6,4,0,0,2,1,0,1,0,1
Password Hacker,hacker.util,PeekingIterator,0,42,0,0,0,17,0,6,0,6
Password Hacker,hacker.util,Converter,0,21,0,0,0,5,0,5,0,5
Password Hacker,hacker.util,PeekableIterator,6,0,0,0,4,0,1,0,1,0
